<?xml version="1.0" encoding="UTF-8"?>
<!-- Generated by org.testng.reporters.JUnitXMLReporter -->
<testsuite hostname="LAPTOP-C4JBVE4V" ignored="16" name="Test" tests="2" failures="0" timestamp="2021-10-22T15:04:34 IST" time="528.032" errors="0">
  <testcase name="aastudent" time="304.254" classname="mvntst.mvnj.Qualicoach"/>
  <testcase name="admin" time="223.757" classname="mvntst.mvnj.Qualicoach"/>
  <testcase name="aLogin" time="0.0" classname="mvntst.mvnj.adminFull">
    <ignored/>
  </testcase> <!-- aLogin -->
  <testcase name="admin" time="0.0" classname="mvntst.mvnj.adminMain">
    <ignored/>
  </testcase> <!-- admin -->
  <testcase name="dUser" time="0.0" classname="mvntst.mvnj.studentFull">
    <ignored/>
  </testcase> <!-- dUser -->
  <testcase name="aValidLogin" time="0.0" classname="mvntst.mvnj.studentFull">
    <ignored/>
  </testcase> <!-- aValidLogin -->
  <testcase name="fCreateCourse" time="0.0" classname="mvntst.mvnj.adminFull">
    <ignored/>
  </testcase> <!-- fCreateCourse -->
  <testcase name="gDownloadReport" time="0.0" classname="mvntst.mvnj.adminFull">
    <ignored/>
  </testcase> <!-- gDownloadReport -->
  <testcase name="eDummyEnroll" time="0.0" classname="mvntst.mvnj.studentFull">
    <ignored/>
  </testcase> <!-- eDummyEnroll -->
  <testcase name="student" time="0.0" classname="mvntst.mvnj.studentMain">
    <ignored/>
  </testcase> <!-- student -->
  <testcase name="hDummyQuiz" time="0.0" classname="mvntst.mvnj.studentFull">
    <ignored/>
  </testcase> <!-- hDummyQuiz -->
  <testcase name="cEmptyLogin" time="0.0" classname="mvntst.mvnj.studentFull">
    <ignored/>
  </testcase> <!-- cEmptyLogin -->
  <testcase name="eDeleteUser" time="0.0" classname="mvntst.mvnj.adminFull">
    <ignored/>
  </testcase> <!-- eDeleteUser -->
  <testcase name="bEmptyLogin" time="0.0" classname="mvntst.mvnj.adminFull">
    <ignored/>
  </testcase> <!-- bEmptyLogin -->
  <testcase name="gBadgeNsurvey" time="0.0" classname="mvntst.mvnj.studentFull">
    <ignored/>
  </testcase> <!-- gBadgeNsurvey -->
  <testcase name="fCourseCert" time="0.0" classname="mvntst.mvnj.studentFull">
    <ignored/>
  </testcase> <!-- fCourseCert -->
  <testcase name="bInvalidLogin" time="0.0" classname="mvntst.mvnj.studentFull">
    <ignored/>
  </testcase> <!-- bInvalidLogin -->
  <testcase name="cAddUser" time="0.0" classname="mvntst.mvnj.adminFull">
    <ignored/>
  </testcase> <!-- cAddUser -->
</testsuite> <!-- Test -->
