<?xml version="1.0" encoding="UTF-8"?>
<!-- Generated by org.testng.reporters.JUnitXMLReporter -->
<testsuite hostname="LAPTOP-C4JBVE4V" ignored="8" name="Test" tests="2" failures="0" timestamp="2021-10-19T18:37:10 IST" time="581.071" errors="0">
  <testcase name="admin" time="245.043" classname="mvntst.mvnj.Qualicoach"/>
  <testcase name="student" time="336.003" classname="mvntst.mvnj.Qualicoach"/>
  <testcase name="courseCert" time="0.0" classname="mvntst.mvnj.studentFull">
    <ignored/>
  </testcase> <!-- courseCert -->
  <testcase name="bdeleteUser" time="0.0" classname="mvntst.mvnj.adminFull">
    <ignored/>
  </testcase> <!-- bdeleteUser -->
  <testcase name="admin" time="0.0" classname="mvntst.mvnj.adminMain">
    <ignored/>
  </testcase> <!-- admin -->
  <testcase name="createCourse" time="0.0" classname="mvntst.mvnj.adminFull">
    <ignored/>
  </testcase> <!-- createCourse -->
  <testcase name="addUser" time="0.0" classname="mvntst.mvnj.adminFull">
    <ignored/>
  </testcase> <!-- addUser -->
  <testcase name="downloadReport" time="0.0" classname="mvntst.mvnj.adminFull">
    <ignored/>
  </testcase> <!-- downloadReport -->
  <testcase name="student" time="0.0" classname="mvntst.mvnj.studentMain">
    <ignored/>
  </testcase> <!-- student -->
  <testcase name="login" time="0.0" classname="mvntst.mvnj.adminFull">
    <ignored/>
  </testcase> <!-- login -->
</testsuite> <!-- Test -->
