<?xml version="1.0" encoding="UTF-8"?>
<testng-results skipped="0" failed="0" ignored="16" total="18" passed="2">
  <reporter-output>
  </reporter-output>
  <suite name="Suite" duration-ms="528032" started-at="2021-10-22T14:55:46 IST" finished-at="2021-10-22T15:04:34 IST">
    <groups>
    </groups>
    <test name="Test" duration-ms="528032" started-at="2021-10-22T14:55:46 IST" finished-at="2021-10-22T15:04:34 IST">
      <class name="mvntst.mvnj.Qualicoach">
        <test-method status="PASS" signature="aastudent()[pri:0, instance:mvntst.mvnj.Qualicoach@75db5df9]" name="aastudent" duration-ms="304254" started-at="2021-10-22T14:55:46 IST" finished-at="2021-10-22T15:00:50 IST">
          <reporter-output>
          </reporter-output>
        </test-method> <!-- aastudent -->
        <test-method status="PASS" signature="admin()[pri:0, instance:mvntst.mvnj.Qualicoach@75db5df9]" name="admin" duration-ms="223757" started-at="2021-10-22T15:00:50 IST" finished-at="2021-10-22T15:04:34 IST">
          <reporter-output>
          </reporter-output>
        </test-method> <!-- admin -->
      </class> <!-- mvntst.mvnj.Qualicoach -->
    </test> <!-- Test -->
  </suite> <!-- Suite -->
</testng-results>
