<?xml version="1.0" encoding="UTF-8"?>
<testng-results skipped="0" failed="0" ignored="14" total="16" passed="2">
  <reporter-output>
  </reporter-output>
  <suite name="Suite" duration-ms="516340" started-at="2021-10-22T13:19:26 IST" finished-at="2021-10-22T13:28:02 IST">
    <groups>
    </groups>
    <test name="Test" duration-ms="516340" started-at="2021-10-22T13:19:26 IST" finished-at="2021-10-22T13:28:02 IST">
      <class name="mvntst.mvnj.Qualicoach">
        <test-method status="PASS" signature="aastudent()[pri:0, instance:mvntst.mvnj.Qualicoach@1e66f1f5]" name="aastudent" duration-ms="291955" started-at="2021-10-22T13:19:26 IST" finished-at="2021-10-22T13:24:18 IST">
          <reporter-output>
          </reporter-output>
        </test-method> <!-- aastudent -->
        <test-method status="PASS" signature="admin()[pri:0, instance:mvntst.mvnj.Qualicoach@1e66f1f5]" name="admin" duration-ms="224358" started-at="2021-10-22T13:24:18 IST" finished-at="2021-10-22T13:28:02 IST">
          <reporter-output>
          </reporter-output>
        </test-method> <!-- admin -->
      </class> <!-- mvntst.mvnj.Qualicoach -->
    </test> <!-- Test -->
  </suite> <!-- Suite -->
</testng-results>
