<?xml version="1.0" encoding="UTF-8"?>
<testng-results skipped="0" failed="0" ignored="0" total="1" passed="1">
  <reporter-output>
  </reporter-output>
  <suite name="Default suite" duration-ms="27572" started-at="2021-10-17T23:51:23 IST" finished-at="2021-10-17T23:51:51 IST">
    <groups>
    </groups>
    <test name="Default test" duration-ms="27572" started-at="2021-10-17T23:51:23 IST" finished-at="2021-10-17T23:51:51 IST">
      <class name="mvntst.mvnj.adminTest">
        <test-method status="PASS" signature="downloadReport()[pri:0, instance:mvntst.mvnj.adminTest@1877ab81]" name="downloadReport" duration-ms="27540" started-at="2021-10-17T23:51:23 IST" finished-at="2021-10-17T23:51:51 IST">
          <reporter-output>
          </reporter-output>
        </test-method> <!-- downloadReport -->
      </class> <!-- mvntst.mvnj.adminTest -->
    </test> <!-- Default test -->
  </suite> <!-- Default suite -->
</testng-results>
