<?xml version="1.0" encoding="UTF-8"?>
<testng-results skipped="0" failed="0" ignored="0" total="1" passed="1">
  <reporter-output>
  </reporter-output>
  <suite name="Default suite" duration-ms="275388" started-at="2021-10-18T18:14:26 IST" finished-at="2021-10-18T18:19:01 IST">
    <groups>
    </groups>
    <test name="Default test" duration-ms="275388" started-at="2021-10-18T18:14:26 IST" finished-at="2021-10-18T18:19:01 IST">
      <class name="mvntst.mvnj.studentMain">
        <test-method status="PASS" signature="student()[pri:0, instance:mvntst.mvnj.studentMain@5bf0d49]" name="student" duration-ms="275349" started-at="2021-10-18T18:14:26 IST" finished-at="2021-10-18T18:19:01 IST">
          <reporter-output>
          </reporter-output>
        </test-method> <!-- student -->
      </class> <!-- mvntst.mvnj.studentMain -->
    </test> <!-- Default test -->
  </suite> <!-- Default suite -->
</testng-results>
